<?xml version="1.0" encoding="UTF-8"?>
<!-- Generated by org.testng.reporters.JUnitReportReporter -->
<testsuite skipped="0" hostname="DESKTOP-V338DIP" name="org.com.restassured.com.restAssured.GetData" tests="1" failures="0" timestamp="14 Nov 2018 07:43:25 GMT" time="2.273" errors="0">
  <testcase name="testResponseCode" time="2.273" classname="org.com.restassured.com.restAssured.GetData"/>
</testsuite> <!-- org.com.restassured.com.restAssured.GetData -->
